# JRE version: OpenJDK Runtime Environment (8.0_152-b01) (build 1.8.0_152-release-915-b01)
# Java VM: OpenJDK 64-Bit Server VM (25.152-b01 mixed mode linux-amd64 compressed oops)
Heap:
 PSYoungGen      total 268288K, used 96621K [0x000000076d000000, 0x000000077e000000, 0x00000007c0000000)
  eden space 258048K, 33% used [0x000000076d000000,0x00000007724630a8,0x000000077cc00000)
  from space 10240K, 99% used [0x000000077d600000,0x000000077dff84a8,0x000000077e000000)
  to   space 10240K, 0% used [0x000000077cc00000,0x000000077cc00000,0x000000077d600000)
 ParOldGen       total 171008K, used 18983K [0x00000006c7000000, 0x00000006d1700000, 0x000000076d000000)
  object space 171008K, 11% used [0x00000006c7000000,0x00000006c8289de0,0x00000006d1700000)
 Metaspace       used 20703K, capacity 20946K, committed 21120K, reserved 1067008K
  class space    used 2490K, capacity 2580K, committed 2688K, reserved 1048576K
GC Heap History (8 events):
Event: 0,884 GC heap before
{Heap before GC invocations=1 (full 0):
 PSYoungGen      total 74752K, used 64512K [0x000000076d000000, 0x0000000772300000, 0x00000007c0000000)
  eden space 64512K, 100% used [0x000000076d000000,0x0000000770f00000,0x0000000770f00000)
  from space 10240K, 0% used [0x0000000771900000,0x0000000771900000,0x0000000772300000)
  to   space 10240K, 0% used [0x0000000770f00000,0x0000000770f00000,0x0000000771900000)
 ParOldGen       total 171008K, used 0K [0x00000006c7000000, 0x00000006d1700000, 0x000000076d000000)
  object space 171008K, 0% used [0x00000006c7000000,0x00000006c7000000,0x00000006d1700000)
 Metaspace       used 12424K, capacity 12736K, committed 13056K, reserved 1060864K
  class space    used 1574K, capacity 1680K, committed 1792K, reserved 1048576K
Event: 0,897 GC heap after
Heap after GC invocations=1 (full 0):
 PSYoungGen      total 74752K, used 8595K [0x000000076d000000, 0x0000000776200000, 0x00000007c0000000)
  eden space 64512K, 0% used [0x000000076d000000,0x000000076d000000,0x0000000770f00000)
  from space 10240K, 83% used [0x0000000770f00000,0x0000000771764c10,0x0000000771900000)
  to   space 10240K, 0% used [0x0000000775800000,0x0000000775800000,0x0000000776200000)
 ParOldGen       total 171008K, used 80K [0x00000006c7000000, 0x00000006d1700000, 0x000000076d000000)
  object space 171008K, 0% used [0x00000006c7000000,0x00000006c7014010,0x00000006d1700000)
 Metaspace       used 12424K, capacity 12736K, committed 13056K, reserved 1060864K
  class space    used 1574K, capacity 1680K, committed 1792K, reserved 1048576K
}
Event: 1,197 GC heap before
{Heap before GC invocations=2 (full 0):
 PSYoungGen      total 74752K, used 73107K [0x000000076d000000, 0x0000000776200000, 0x00000007c0000000)
  eden space 64512K, 100% used [0x000000076d000000,0x0000000770f00000,0x0000000770f00000)
  from space 10240K, 83% used [0x0000000770f00000,0x0000000771764c10,0x0000000771900000)
  to   space 10240K, 0% used [0x0000000775800000,0x0000000775800000,0x0000000776200000)
 ParOldGen       total 171008K, used 80K [0x00000006c7000000, 0x00000006d1700000, 0x000000076d000000)
  object space 171008K, 0% used [0x00000006c7000000,0x00000006c7014010,0x00000006d1700000)
 Metaspace       used 13270K, capacity 13536K, committed 13696K, reserved 1060864K
  class space    used 1734K, capacity 1840K, committed 1920K, reserved 1048576K
Event: 1,205 GC heap after
Heap after GC invocations=2 (full 0):
 PSYoungGen      total 139264K, used 5817K [0x000000076d000000, 0x0000000776200000, 0x00000007c0000000)
  eden space 129024K, 0% used [0x000000076d000000,0x000000076d000000,0x0000000774e00000)
  from space 10240K, 56% used [0x0000000775800000,0x0000000775dae618,0x0000000776200000)
  to   space 10240K, 0% used [0x0000000774e00000,0x0000000774e00000,0x0000000775800000)
 ParOldGen       total 171008K, used 88K [0x00000006c7000000, 0x00000006d1700000, 0x000000076d000000)
  object space 171008K, 0% used [0x00000006c7000000,0x00000006c7016010,0x00000006d1700000)
 Metaspace       used 13270K, capacity 13536K, committed 13696K, reserved 1060864K
  class space    used 1734K, capacity 1840K, committed 1920K, reserved 1048576K
}
Event: 1,974 GC heap before
{Heap before GC invocations=3 (full 0):
 PSYoungGen      total 139264K, used 134841K [0x000000076d000000, 0x0000000776200000, 0x00000007c0000000)
  eden space 129024K, 100% used [0x000000076d000000,0x0000000774e00000,0x0000000774e00000)
  from space 10240K, 56% used [0x0000000775800000,0x0000000775dae618,0x0000000776200000)
  to   space 10240K, 0% used [0x0000000774e00000,0x0000000774e00000,0x0000000775800000)
 ParOldGen       total 171008K, used 88K [0x00000006c7000000, 0x00000006d1700000, 0x000000076d000000)
  object space 171008K, 0% used [0x00000006c7000000,0x00000006c7016010,0x00000006d1700000)
 Metaspace       used 16421K, capacity 16652K, committed 16896K, reserved 1064960K
  class space    used 2107K, capacity 2194K, committed 2304K, reserved 1048576K
Event: 1,997 GC heap after
Heap after GC invocations=3 (full 0):
 PSYoungGen      total 139264K, used 10231K [0x000000076d000000, 0x000000077e000000, 0x00000007c0000000)
  eden space 129024K, 0% used [0x000000076d000000,0x000000076d000000,0x0000000774e00000)
  from space 10240K, 99% used [0x0000000774e00000,0x00000007757fdd80,0x0000000775800000)
  to   space 10240K, 0% used [0x000000077d600000,0x000000077d600000,0x000000077e000000)
 ParOldGen       total 171008K, used 7597K [0x00000006c7000000, 0x00000006d1700000, 0x000000076d000000)
  object space 171008K, 4% used [0x00000006c7000000,0x00000006c776b4f0,0x00000006d1700000)
 Metaspace       used 16421K, capacity 16652K, committed 16896K, reserved 1064960K
  class space    used 2107K, capacity 2194K, committed 2304K, reserved 1048576K
}
Event: 2,942 GC heap before
{Heap before GC invocations=4 (full 0):
 PSYoungGen      total 139264K, used 139255K [0x000000076d000000, 0x000000077e000000, 0x00000007c0000000)
  eden space 129024K, 100% used [0x000000076d000000,0x0000000774e00000,0x0000000774e00000)
  from space 10240K, 99% used [0x0000000774e00000,0x00000007757fdd80,0x0000000775800000)
  to   space 10240K, 0% used [0x000000077d600000,0x000000077d600000,0x000000077e000000)
 ParOldGen       total 171008K, used 7597K [0x00000006c7000000, 0x00000006d1700000, 0x000000076d000000)
  object space 171008K, 4% used [0x00000006c7000000,0x00000006c776b4f0,0x00000006d1700000)
 Metaspace       used 17488K, capacity 17810K, committed 17920K, reserved 1064960K
  class space    used 2163K, capacity 2260K, committed 2304K, reserved 1048576K
Event: 2,986 GC heap after
Heap after GC invocations=4 (full 0):
 PSYoungGen      total 268288K, used 10209K [0x000000076d000000, 0x000000077e000000, 0x00000007c0000000)
  eden space 258048K, 0% used [0x000000076d000000,0x000000076d000000,0x000000077cc00000)
  from space 10240K, 99% used [0x000000077d600000,0x000000077dff84a8,0x000000077e000000)
  to   space 10240K, 0% used [0x000000077cc00000,0x000000077cc00000,0x000000077d600000)
 ParOldGen       total 171008K, used 18983K [0x00000006c7000000, 0x00000006d1700000, 0x000000076d000000)
  object space 171008K, 11% used [0x00000006c7000000,0x00000006c8289de0,0x00000006d1700000)
 Metaspace       used 17488K, capacity 17810K, committed 17920K, reserved 1064960K
  class space    used 2163K, capacity 2260K, committed 2304K, reserved 1048576K
}

