# JRE version: OpenJDK Runtime Environment (8.0_152-b01) (build 1.8.0_152-release-915-b01)
# Java VM: OpenJDK 64-Bit Server VM (25.152-b01 mixed mode linux-amd64 compressed oops)
Heap:
 PSYoungGen      total 450560K, used 318789K [0x00000000e0000000, 0x00000000ff780000, 0x0000000100000000)
  eden space 385024K, 79% used [0x00000000e0000000,0x00000000f2949a68,0x00000000f7800000)
  from space 65536K, 21% used [0x00000000f7800000,0x00000000f8607d58,0x00000000fb800000)
  to   space 61952K, 0% used [0x00000000fbb00000,0x00000000fbb00000,0x00000000ff780000)
 ParOldGen       total 594432K, used 502553K [0x00000000a0000000, 0x00000000c4480000, 0x00000000e0000000)
  object space 594432K, 84% used [0x00000000a0000000,0x00000000beac65d0,0x00000000c4480000)
 Metaspace       used 226738K, capacity 244082K, committed 244172K, reserved 1261568K
  class space    used 26918K, capacity 31215K, committed 31220K, reserved 1048576K
GC Heap History (10 events):
Event: 1452,656 GC heap before
{Heap before GC invocations=255 (full 10):
 PSYoungGen      total 449024K, used 413841K [0x00000000e0000000, 0x0000000100000000, 0x0000000100000000)
  eden space 374784K, 100% used [0x00000000e0000000,0x00000000f6e00000,0x00000000f6e00000)
  from space 74240K, 52% used [0x00000000fb780000,0x00000000fdda4480,0x0000000100000000)
  to   space 74752K, 0% used [0x00000000f6e00000,0x00000000f6e00000,0x00000000fb700000)
 ParOldGen       total 594432K, used 466491K [0x00000000a0000000, 0x00000000c4480000, 0x00000000e0000000)
  object space 594432K, 78% used [0x00000000a0000000,0x00000000bc78ec88,0x00000000c4480000)
 Metaspace       used 216129K, capacity 232386K, committed 232652K, reserved 1253376K
  class space    used 25688K, capacity 29661K, committed 29684K, reserved 1048576K
Event: 1452,683 GC heap after
Heap after GC invocations=255 (full 10):
 PSYoungGen      total 403968K, used 28982K [0x00000000e0000000, 0x00000000ff980000, 0x0000000100000000)
  eden space 374784K, 0% used [0x00000000e0000000,0x00000000e0000000,0x00000000f6e00000)
  from space 29184K, 99% used [0x00000000f6e00000,0x00000000f8a4d908,0x00000000f8a80000)
  to   space 71168K, 0% used [0x00000000fb400000,0x00000000fb400000,0x00000000ff980000)
 ParOldGen       total 594432K, used 475629K [0x00000000a0000000, 0x00000000c4480000, 0x00000000e0000000)
  object space 594432K, 80% used [0x00000000a0000000,0x00000000bd07b6d8,0x00000000c4480000)
 Metaspace       used 216129K, capacity 232386K, committed 232652K, reserved 1253376K
  class space    used 25688K, capacity 29661K, committed 29684K, reserved 1048576K
}
Event: 1454,867 GC heap before
{Heap before GC invocations=256 (full 10):
 PSYoungGen      total 403968K, used 403766K [0x00000000e0000000, 0x00000000ff980000, 0x0000000100000000)
  eden space 374784K, 100% used [0x00000000e0000000,0x00000000f6e00000,0x00000000f6e00000)
  from space 29184K, 99% used [0x00000000f6e00000,0x00000000f8a4d908,0x00000000f8a80000)
  to   space 71168K, 0% used [0x00000000fb400000,0x00000000fb400000,0x00000000ff980000)
 ParOldGen       total 594432K, used 475629K [0x00000000a0000000, 0x00000000c4480000, 0x00000000e0000000)
  object space 594432K, 80% used [0x00000000a0000000,0x00000000bd07b6d8,0x00000000c4480000)
 Metaspace       used 217747K, capacity 234164K, committed 234444K, reserved 1253376K
  class space    used 25886K, capacity 29878K, committed 29940K, reserved 1048576K
Event: 1454,900 GC heap after
Heap after GC invocations=256 (full 10):
 PSYoungGen      total 447488K, used 4786K [0x00000000e0000000, 0x0000000100000000, 0x0000000100000000)
  eden space 376320K, 0% used [0x00000000e0000000,0x00000000e0000000,0x00000000f6f80000)
  from space 71168K, 6% used [0x00000000fb400000,0x00000000fb8ac938,0x00000000ff980000)
  to   space 70144K, 0% used [0x00000000f6f80000,0x00000000f6f80000,0x00000000fb400000)
 ParOldGen       total 594432K, used 491929K [0x00000000a0000000, 0x00000000c4480000, 0x00000000e0000000)
  object space 594432K, 82% used [0x00000000a0000000,0x00000000be0665b0,0x00000000c4480000)
 Metaspace       used 217747K, capacity 234164K, committed 234444K, reserved 1253376K
  class space    used 25886K, capacity 29878K, committed 29940K, reserved 1048576K
}
Event: 1537,540 GC heap before
{Heap before GC invocations=257 (full 10):
 PSYoungGen      total 447488K, used 381106K [0x00000000e0000000, 0x0000000100000000, 0x0000000100000000)
  eden space 376320K, 100% used [0x00000000e0000000,0x00000000f6f80000,0x00000000f6f80000)
  from space 71168K, 6% used [0x00000000fb400000,0x00000000fb8ac938,0x00000000ff980000)
  to   space 70144K, 0% used [0x00000000f6f80000,0x00000000f6f80000,0x00000000fb400000)
 ParOldGen       total 594432K, used 491929K [0x00000000a0000000, 0x00000000c4480000, 0x00000000e0000000)
  object space 594432K, 82% used [0x00000000a0000000,0x00000000be0665b0,0x00000000c4480000)
 Metaspace       used 218287K, capacity 235012K, committed 235212K, reserved 1255424K
  class space    used 25983K, capacity 30082K, committed 30196K, reserved 1048576K
Event: 1537,550 GC heap after
Heap after GC invocations=257 (full 10):
 PSYoungGen      total 446464K, used 10732K [0x00000000e0000000, 0x00000000ffa00000, 0x0000000100000000)
  eden space 376320K, 0% used [0x00000000e0000000,0x00000000e0000000,0x00000000f6f80000)
  from space 70144K, 15% used [0x00000000f6f80000,0x00000000f79fb308,0x00000000fb400000)
  to   space 67584K, 0% used [0x00000000fb800000,0x00000000fb800000,0x00000000ffa00000)
 ParOldGen       total 594432K, used 493978K [0x00000000a0000000, 0x00000000c4480000, 0x00000000e0000000)
  object space 594432K, 83% used [0x00000000a0000000,0x00000000be266850,0x00000000c4480000)
 Metaspace       used 218287K, capacity 235012K, committed 235212K, reserved 1255424K
  class space    used 25983K, capacity 30082K, committed 30196K, reserved 1048576K
}
Event: 1562,796 GC heap before
{Heap before GC invocations=258 (full 10):
 PSYoungGen      total 446464K, used 387052K [0x00000000e0000000, 0x00000000ffa00000, 0x0000000100000000)
  eden space 376320K, 100% used [0x00000000e0000000,0x00000000f6f80000,0x00000000f6f80000)
  from space 70144K, 15% used [0x00000000f6f80000,0x00000000f79fb308,0x00000000fb400000)
  to   space 67584K, 0% used [0x00000000fb800000,0x00000000fb800000,0x00000000ffa00000)
 ParOldGen       total 594432K, used 493978K [0x00000000a0000000, 0x00000000c4480000, 0x00000000e0000000)
  object space 594432K, 83% used [0x00000000a0000000,0x00000000be266850,0x00000000c4480000)
 Metaspace       used 221157K, capacity 238290K, committed 238412K, reserved 1257472K
  class space    used 26311K, capacity 30529K, committed 30580K, reserved 1048576K
Event: 1562,806 GC heap after
Heap after GC invocations=258 (full 10):
 PSYoungGen      total 452096K, used 10275K [0x00000000e0000000, 0x00000000ff980000, 0x0000000100000000)
  eden space 385024K, 0% used [0x00000000e0000000,0x00000000e0000000,0x00000000f7800000)
  from space 67072K, 15% used [0x00000000fb800000,0x00000000fc208c58,0x00000000ff980000)
  to   space 65536K, 0% used [0x00000000f7800000,0x00000000f7800000,0x00000000fb800000)
 ParOldGen       total 594432K, used 495496K [0x00000000a0000000, 0x00000000c4480000, 0x00000000e0000000)
  object space 594432K, 83% used [0x00000000a0000000,0x00000000be3e23f8,0x00000000c4480000)
 Metaspace       used 221157K, capacity 238290K, committed 238412K, reserved 1257472K
  class space    used 26311K, capacity 30529K, committed 30580K, reserved 1048576K
}
Event: 1564,701 GC heap before
{Heap before GC invocations=259 (full 10):
 PSYoungGen      total 452096K, used 393954K [0x00000000e0000000, 0x00000000ff980000, 0x0000000100000000)
  eden space 385024K, 99% used [0x00000000e0000000,0x00000000f76afef0,0x00000000f7800000)
  from space 67072K, 15% used [0x00000000fb800000,0x00000000fc208c58,0x00000000ff980000)
  to   space 65536K, 0% used [0x00000000f7800000,0x00000000f7800000,0x00000000fb800000)
 ParOldGen       total 594432K, used 495496K [0x00000000a0000000, 0x00000000c4480000, 0x00000000e0000000)
  object space 594432K, 83% used [0x00000000a0000000,0x00000000be3e23f8,0x00000000c4480000)
 Metaspace       used 226283K, capacity 243550K, committed 243660K, reserved 1261568K
  class space    used 26877K, capacity 31147K, committed 31220K, reserved 1048576K
Event: 1564,714 GC heap after
Heap after GC invocations=259 (full 10):
 PSYoungGen      total 450560K, used 14367K [0x00000000e0000000, 0x00000000ff780000, 0x0000000100000000)
  eden space 385024K, 0% used [0x00000000e0000000,0x00000000e0000000,0x00000000f7800000)
  from space 65536K, 21% used [0x00000000f7800000,0x00000000f8607d58,0x00000000fb800000)
  to   space 61952K, 0% used [0x00000000fbb00000,0x00000000fbb00000,0x00000000ff780000)
 ParOldGen       total 594432K, used 502553K [0x00000000a0000000, 0x00000000c4480000, 0x00000000e0000000)
  object space 594432K, 84% used [0x00000000a0000000,0x00000000beac65d0,0x00000000c4480000)
 Metaspace       used 226283K, capacity 243550K, committed 243660K, reserved 1261568K
  class space    used 26877K, capacity 31147K, committed 31220K, reserved 1048576K
}

