# JRE version: OpenJDK Runtime Environment (8.0_112-b06) (build 1.8.0_112-release-b06)
# Java VM: OpenJDK 64-Bit Server VM (25.112-b06 mixed mode linux-amd64 compressed oops)
Heap:
 PSYoungGen      total 473600K, used 444551K [0x00000000e0000000, 0x0000000100000000, 0x0000000100000000)
  eden space 446464K, 93% used [0x00000000e0000000,0x00000000f9801428,0x00000000fb400000)
  from space 27136K, 98% used [0x00000000fb400000,0x00000000fce20a50,0x00000000fce80000)
  to   space 39424K, 0% used [0x00000000fd980000,0x00000000fd980000,0x0000000100000000)
 ParOldGen       total 290304K, used 43178K [0x00000000a0000000, 0x00000000b1b80000, 0x00000000e0000000)
  object space 290304K, 14% used [0x00000000a0000000,0x00000000a2a2ab88,0x00000000b1b80000)
 Metaspace       used 90202K, capacity 95398K, committed 95616K, reserved 1132544K
  class space    used 11337K, capacity 12325K, committed 12416K, reserved 1048576K
GC Heap History (10 events):
Event: 1746,522 GC heap before
{Heap before GC invocations=14 (full 3):
 PSYoungGen      total 370176K, used 369677K [0x00000000e0000000, 0x00000000f9280000, 0x0000000100000000)
  eden space 350208K, 100% used [0x00000000e0000000,0x00000000f5600000,0x00000000f5600000)
  from space 19968K, 97% used [0x00000000f7f00000,0x00000000f9203458,0x00000000f9280000)
  to   space 30720K, 0% used [0x00000000f5680000,0x00000000f5680000,0x00000000f7480000)
 ParOldGen       total 290304K, used 43122K [0x00000000a0000000, 0x00000000b1b80000, 0x00000000e0000000)
  object space 290304K, 14% used [0x00000000a0000000,0x00000000a2a1cb88,0x00000000b1b80000)
 Metaspace       used 82118K, capacity 86168K, committed 86272K, reserved 1124352K
  class space    used 10586K, capacity 11450K, committed 11520K, reserved 1048576K
Event: 1746,547 GC heap after
Heap after GC invocations=14 (full 3):
 PSYoungGen      total 381440K, used 24973K [0x00000000e0000000, 0x00000000fd580000, 0x0000000100000000)
  eden space 350720K, 0% used [0x00000000e0000000,0x00000000e0000000,0x00000000f5680000)
  from space 30720K, 81% used [0x00000000f5680000,0x00000000f6ee34c0,0x00000000f7480000)
  to   space 32768K, 0% used [0x00000000fb580000,0x00000000fb580000,0x00000000fd580000)
 ParOldGen       total 290304K, used 43138K [0x00000000a0000000, 0x00000000b1b80000, 0x00000000e0000000)
  object space 290304K, 14% used [0x00000000a0000000,0x00000000a2a20b88,0x00000000b1b80000)
 Metaspace       used 82118K, capacity 86168K, committed 86272K, reserved 1124352K
  class space    used 10586K, capacity 11450K, committed 11520K, reserved 1048576K
}
Event: 1748,630 GC heap before
{Heap before GC invocations=15 (full 3):
 PSYoungGen      total 381440K, used 375693K [0x00000000e0000000, 0x00000000fd580000, 0x0000000100000000)
  eden space 350720K, 100% used [0x00000000e0000000,0x00000000f5680000,0x00000000f5680000)
  from space 30720K, 81% used [0x00000000f5680000,0x00000000f6ee34c0,0x00000000f7480000)
  to   space 32768K, 0% used [0x00000000fb580000,0x00000000fb580000,0x00000000fd580000)
 ParOldGen       total 290304K, used 43138K [0x00000000a0000000, 0x00000000b1b80000, 0x00000000e0000000)
  object space 290304K, 14% used [0x00000000a0000000,0x00000000a2a20b88,0x00000000b1b80000)
 Metaspace       used 88212K, capacity 92558K, committed 92800K, reserved 1130496K
  class space    used 11183K, capacity 12107K, committed 12160K, reserved 1048576K
Event: 1748,660 GC heap after
Heap after GC invocations=15 (full 3):
 PSYoungGen      total 444416K, used 31107K [0x00000000e0000000, 0x00000000fdc80000, 0x0000000100000000)
  eden space 411648K, 0% used [0x00000000e0000000,0x00000000e0000000,0x00000000f9200000)
  from space 32768K, 94% used [0x00000000fb580000,0x00000000fd3e0c50,0x00000000fd580000)
  to   space 36352K, 0% used [0x00000000f9200000,0x00000000f9200000,0x00000000fb580000)
 ParOldGen       total 290304K, used 43154K [0x00000000a0000000, 0x00000000b1b80000, 0x00000000e0000000)
  object space 290304K, 14% used [0x00000000a0000000,0x00000000a2a24b88,0x00000000b1b80000)
 Metaspace       used 88212K, capacity 92558K, committed 92800K, reserved 1130496K
  class space    used 11183K, capacity 12107K, committed 12160K, reserved 1048576K
}
Event: 2345,603 GC heap before
{Heap before GC invocations=16 (full 3):
 PSYoungGen      total 444416K, used 442755K [0x00000000e0000000, 0x00000000fdc80000, 0x0000000100000000)
  eden space 411648K, 100% used [0x00000000e0000000,0x00000000f9200000,0x00000000f9200000)
  from space 32768K, 94% used [0x00000000fb580000,0x00000000fd3e0c50,0x00000000fd580000)
  to   space 36352K, 0% used [0x00000000f9200000,0x00000000f9200000,0x00000000fb580000)
 ParOldGen       total 290304K, used 43154K [0x00000000a0000000, 0x00000000b1b80000, 0x00000000e0000000)
  object space 290304K, 14% used [0x00000000a0000000,0x00000000a2a24b88,0x00000000b1b80000)
 Metaspace       used 88818K, capacity 93432K, committed 93696K, reserved 1130496K
  class space    used 11258K, capacity 12176K, committed 12288K, reserved 1048576K
Event: 2345,634 GC heap after
Heap after GC invocations=16 (full 3):
 PSYoungGen      total 448000K, used 24392K [0x00000000e0000000, 0x0000000100000000, 0x0000000100000000)
  eden space 411648K, 0% used [0x00000000e0000000,0x00000000e0000000,0x00000000f9200000)
  from space 36352K, 67% used [0x00000000f9200000,0x00000000fa9d2378,0x00000000fb580000)
  to   space 36864K, 0% used [0x00000000fdc00000,0x00000000fdc00000,0x0000000100000000)
 ParOldGen       total 290304K, used 43162K [0x00000000a0000000, 0x00000000b1b80000, 0x00000000e0000000)
  object space 290304K, 14% used [0x00000000a0000000,0x00000000a2a26b88,0x00000000b1b80000)
 Metaspace       used 88818K, capacity 93432K, committed 93696K, reserved 1130496K
  class space    used 11258K, capacity 12176K, committed 12288K, reserved 1048576K
}
Event: 2346,842 GC heap before
{Heap before GC invocations=17 (full 3):
 PSYoungGen      total 448000K, used 436006K [0x00000000e0000000, 0x0000000100000000, 0x0000000100000000)
  eden space 411648K, 99% used [0x00000000e0000000,0x00000000f91f77b8,0x00000000f9200000)
  from space 36352K, 67% used [0x00000000f9200000,0x00000000fa9d2378,0x00000000fb580000)
  to   space 36864K, 0% used [0x00000000fdc00000,0x00000000fdc00000,0x0000000100000000)
 ParOldGen       total 290304K, used 43162K [0x00000000a0000000, 0x00000000b1b80000, 0x00000000e0000000)
  object space 290304K, 14% used [0x00000000a0000000,0x00000000a2a26b88,0x00000000b1b80000)
 Metaspace       used 89297K, capacity 94006K, committed 94208K, reserved 1130496K
  class space    used 11277K, capacity 12207K, committed 12288K, reserved 1048576K
Event: 2346,869 GC heap after
Heap after GC invocations=17 (full 3):
 PSYoungGen      total 483328K, used 29326K [0x00000000e0000000, 0x0000000100000000, 0x0000000100000000)
  eden space 446464K, 0% used [0x00000000e0000000,0x00000000e0000000,0x00000000fb400000)
  from space 36864K, 79% used [0x00000000fdc00000,0x00000000ff8a39e8,0x0000000100000000)
  to   space 38912K, 0% used [0x00000000fb400000,0x00000000fb400000,0x00000000fda00000)
 ParOldGen       total 290304K, used 43170K [0x00000000a0000000, 0x00000000b1b80000, 0x00000000e0000000)
  object space 290304K, 14% used [0x00000000a0000000,0x00000000a2a28b88,0x00000000b1b80000)
 Metaspace       used 89297K, capacity 94006K, committed 94208K, reserved 1130496K
  class space    used 11277K, capacity 12207K, committed 12288K, reserved 1048576K
}
Event: 4069,474 GC heap before
{Heap before GC invocations=18 (full 3):
 PSYoungGen      total 483328K, used 474974K [0x00000000e0000000, 0x0000000100000000, 0x0000000100000000)
  eden space 446464K, 99% used [0x00000000e0000000,0x00000000fb334018,0x00000000fb400000)
  from space 36864K, 79% used [0x00000000fdc00000,0x00000000ff8a39e8,0x0000000100000000)
  to   space 38912K, 0% used [0x00000000fb400000,0x00000000fb400000,0x00000000fda00000)
 ParOldGen       total 290304K, used 43170K [0x00000000a0000000, 0x00000000b1b80000, 0x00000000e0000000)
  object space 290304K, 14% used [0x00000000a0000000,0x00000000a2a28b88,0x00000000b1b80000)
 Metaspace       used 89808K, capacity 94736K, committed 94976K, reserved 1132544K
  class space    used 11309K, capacity 12258K, committed 12288K, reserved 1048576K
Event: 4069,496 GC heap after
Heap after GC invocations=18 (full 3):
 PSYoungGen      total 473600K, used 26754K [0x00000000e0000000, 0x0000000100000000, 0x0000000100000000)
  eden space 446464K, 0% used [0x00000000e0000000,0x00000000e0000000,0x00000000fb400000)
  from space 27136K, 98% used [0x00000000fb400000,0x00000000fce20a50,0x00000000fce80000)
  to   space 39424K, 0% used [0x00000000fd980000,0x00000000fd980000,0x0000000100000000)
 ParOldGen       total 290304K, used 43178K [0x00000000a0000000, 0x00000000b1b80000, 0x00000000e0000000)
  object space 290304K, 14% used [0x00000000a0000000,0x00000000a2a2ab88,0x00000000b1b80000)
 Metaspace       used 89808K, capacity 94736K, committed 94976K, reserved 1132544K
  class space    used 11309K, capacity 12258K, committed 12288K, reserved 1048576K
}

