# JRE version: OpenJDK Runtime Environment (8.0_152-b01) (build 1.8.0_152-release-915-b01)
# Java VM: OpenJDK 64-Bit Server VM (25.152-b01 mixed mode linux-amd64 compressed oops)
Heap:
 PSYoungGen      total 187904K, used 58296K [0x00000000e0000000, 0x00000000ec300000, 0x0000000100000000)
  eden space 177664K, 32% used [0x00000000e0000000,0x00000000e38ee318,0x00000000ead80000)
  from space 10240K, 0% used [0x00000000eb900000,0x00000000eb900000,0x00000000ec300000)
  to   space 10240K, 0% used [0x00000000eaf00000,0x00000000eaf00000,0x00000000eb900000)
 ParOldGen       total 183296K, used 15803K [0x00000000a0000000, 0x00000000ab300000, 0x00000000e0000000)
  object space 183296K, 8% used [0x00000000a0000000,0x00000000a0f6ef40,0x00000000ab300000)
 Metaspace       used 37742K, capacity 38488K, committed 38872K, reserved 1083392K
  class space    used 5078K, capacity 5330K, committed 5376K, reserved 1048576K
GC Heap History (10 events):
Event: 1,325 GC heap before
{Heap before GC invocations=2 (full 0):
 PSYoungGen      total 74752K, used 72137K [0x00000000e0000000, 0x00000000e9200000, 0x0000000100000000)
  eden space 64512K, 99% used [0x00000000e0000000,0x00000000e3eaced0,0x00000000e3f00000)
  from space 10240K, 77% used [0x00000000e3f00000,0x00000000e46c5548,0x00000000e4900000)
  to   space 10240K, 0% used [0x00000000e8800000,0x00000000e8800000,0x00000000e9200000)
 ParOldGen       total 171008K, used 16K [0x00000000a0000000, 0x00000000aa700000, 0x00000000e0000000)
  object space 171008K, 0% used [0x00000000a0000000,0x00000000a0004000,0x00000000aa700000)
 Metaspace       used 20537K, capacity 21060K, committed 21248K, reserved 1067008K
  class space    used 2852K, capacity 3041K, committed 3072K, reserved 1048576K
Event: 1,343 GC heap after
Heap after GC invocations=2 (full 0):
 PSYoungGen      total 139264K, used 10210K [0x00000000e0000000, 0x00000000e9200000, 0x0000000100000000)
  eden space 129024K, 0% used [0x00000000e0000000,0x00000000e0000000,0x00000000e7e00000)
  from space 10240K, 99% used [0x00000000e8800000,0x00000000e91f8a48,0x00000000e9200000)
  to   space 10240K, 0% used [0x00000000e7e00000,0x00000000e7e00000,0x00000000e8800000)
 ParOldGen       total 171008K, used 2549K [0x00000000a0000000, 0x00000000aa700000, 0x00000000e0000000)
  object space 171008K, 1% used [0x00000000a0000000,0x00000000a027d5c0,0x00000000aa700000)
 Metaspace       used 20537K, capacity 21060K, committed 21248K, reserved 1067008K
  class space    used 2852K, capacity 3041K, committed 3072K, reserved 1048576K
}
Event: 1,343 GC heap before
{Heap before GC invocations=3 (full 1):
 PSYoungGen      total 139264K, used 10210K [0x00000000e0000000, 0x00000000e9200000, 0x0000000100000000)
  eden space 129024K, 0% used [0x00000000e0000000,0x00000000e0000000,0x00000000e7e00000)
  from space 10240K, 99% used [0x00000000e8800000,0x00000000e91f8a48,0x00000000e9200000)
  to   space 10240K, 0% used [0x00000000e7e00000,0x00000000e7e00000,0x00000000e8800000)
 ParOldGen       total 171008K, used 2549K [0x00000000a0000000, 0x00000000aa700000, 0x00000000e0000000)
  object space 171008K, 1% used [0x00000000a0000000,0x00000000a027d5c0,0x00000000aa700000)
 Metaspace       used 20537K, capacity 21060K, committed 21248K, reserved 1067008K
  class space    used 2852K, capacity 3041K, committed 3072K, reserved 1048576K
Event: 1,378 GC heap after
Heap after GC invocations=3 (full 1):
 PSYoungGen      total 139264K, used 0K [0x00000000e0000000, 0x00000000e9200000, 0x0000000100000000)
  eden space 129024K, 0% used [0x00000000e0000000,0x00000000e0000000,0x00000000e7e00000)
  from space 10240K, 0% used [0x00000000e8800000,0x00000000e8800000,0x00000000e9200000)
  to   space 10240K, 0% used [0x00000000e7e00000,0x00000000e7e00000,0x00000000e8800000)
 ParOldGen       total 117248K, used 12249K [0x00000000a0000000, 0x00000000a7280000, 0x00000000e0000000)
  object space 117248K, 10% used [0x00000000a0000000,0x00000000a0bf6520,0x00000000a7280000)
 Metaspace       used 20537K, capacity 21060K, committed 21248K, reserved 1067008K
  class space    used 2852K, capacity 3041K, committed 3072K, reserved 1048576K
}
Event: 2,619 GC heap before
{Heap before GC invocations=4 (full 1):
 PSYoungGen      total 139264K, used 129024K [0x00000000e0000000, 0x00000000e9200000, 0x0000000100000000)
  eden space 129024K, 100% used [0x00000000e0000000,0x00000000e7e00000,0x00000000e7e00000)
  from space 10240K, 0% used [0x00000000e8800000,0x00000000e8800000,0x00000000e9200000)
  to   space 10240K, 0% used [0x00000000e7e00000,0x00000000e7e00000,0x00000000e8800000)
 ParOldGen       total 117248K, used 12249K [0x00000000a0000000, 0x00000000a7280000, 0x00000000e0000000)
  object space 117248K, 10% used [0x00000000a0000000,0x00000000a0bf6520,0x00000000a7280000)
 Metaspace       used 29963K, capacity 30598K, committed 30976K, reserved 1075200K
  class space    used 4094K, capacity 4290K, committed 4352K, reserved 1048576K
Event: 2,631 GC heap after
Heap after GC invocations=4 (full 1):
 PSYoungGen      total 139264K, used 10223K [0x00000000e0000000, 0x00000000ec300000, 0x0000000100000000)
  eden space 129024K, 0% used [0x00000000e0000000,0x00000000e0000000,0x00000000e7e00000)
  from space 10240K, 99% used [0x00000000e7e00000,0x00000000e87fbc70,0x00000000e8800000)
  to   space 10240K, 0% used [0x00000000eb900000,0x00000000eb900000,0x00000000ec300000)
 ParOldGen       total 117248K, used 14006K [0x00000000a0000000, 0x00000000a7280000, 0x00000000e0000000)
  object space 117248K, 11% used [0x00000000a0000000,0x00000000a0dad848,0x00000000a7280000)
 Metaspace       used 29963K, capacity 30598K, committed 30976K, reserved 1075200K
  class space    used 4094K, capacity 4290K, committed 4352K, reserved 1048576K
}
Event: 3,342 GC heap before
{Heap before GC invocations=5 (full 1):
 PSYoungGen      total 139264K, used 69270K [0x00000000e0000000, 0x00000000ec300000, 0x0000000100000000)
  eden space 129024K, 45% used [0x00000000e0000000,0x00000000e39a9c58,0x00000000e7e00000)
  from space 10240K, 99% used [0x00000000e7e00000,0x00000000e87fbc70,0x00000000e8800000)
  to   space 10240K, 0% used [0x00000000eb900000,0x00000000eb900000,0x00000000ec300000)
 ParOldGen       total 117248K, used 14006K [0x00000000a0000000, 0x00000000a7280000, 0x00000000e0000000)
  object space 117248K, 11% used [0x00000000a0000000,0x00000000a0dad848,0x00000000a7280000)
 Metaspace       used 34487K, capacity 35192K, committed 35416K, reserved 1079296K
  class space    used 4687K, capacity 4934K, committed 4992K, reserved 1048576K
Event: 3,351 GC heap after
Heap after GC invocations=5 (full 1):
 PSYoungGen      total 187904K, used 9833K [0x00000000e0000000, 0x00000000ec300000, 0x0000000100000000)
  eden space 177664K, 0% used [0x00000000e0000000,0x00000000e0000000,0x00000000ead80000)
  from space 10240K, 96% used [0x00000000eb900000,0x00000000ec29a718,0x00000000ec300000)
  to   space 10240K, 0% used [0x00000000eaf00000,0x00000000eaf00000,0x00000000eb900000)
 ParOldGen       total 117248K, used 14078K [0x00000000a0000000, 0x00000000a7280000, 0x00000000e0000000)
  object space 117248K, 12% used [0x00000000a0000000,0x00000000a0dbf858,0x00000000a7280000)
 Metaspace       used 34487K, capacity 35192K, committed 35416K, reserved 1079296K
  class space    used 4687K, capacity 4934K, committed 4992K, reserved 1048576K
}
Event: 3,351 GC heap before
{Heap before GC invocations=6 (full 2):
 PSYoungGen      total 187904K, used 9833K [0x00000000e0000000, 0x00000000ec300000, 0x0000000100000000)
  eden space 177664K, 0% used [0x00000000e0000000,0x00000000e0000000,0x00000000ead80000)
  from space 10240K, 96% used [0x00000000eb900000,0x00000000ec29a718,0x00000000ec300000)
  to   space 10240K, 0% used [0x00000000eaf00000,0x00000000eaf00000,0x00000000eb900000)
 ParOldGen       total 117248K, used 14078K [0x00000000a0000000, 0x00000000a7280000, 0x00000000e0000000)
  object space 117248K, 12% used [0x00000000a0000000,0x00000000a0dbf858,0x00000000a7280000)
 Metaspace       used 34487K, capacity 35192K, committed 35416K, reserved 1079296K
  class space    used 4687K, capacity 4934K, committed 4992K, reserved 1048576K
Event: 3,400 GC heap after
Heap after GC invocations=6 (full 2):
 PSYoungGen      total 187904K, used 0K [0x00000000e0000000, 0x00000000ec300000, 0x0000000100000000)
  eden space 177664K, 0% used [0x00000000e0000000,0x00000000e0000000,0x00000000ead80000)
  from space 10240K, 0% used [0x00000000eb900000,0x00000000eb900000,0x00000000ec300000)
  to   space 10240K, 0% used [0x00000000eaf00000,0x00000000eaf00000,0x00000000eb900000)
 ParOldGen       total 183296K, used 15803K [0x00000000a0000000, 0x00000000ab300000, 0x00000000e0000000)
  object space 183296K, 8% used [0x00000000a0000000,0x00000000a0f6ef40,0x00000000ab300000)
 Metaspace       used 34487K, capacity 35192K, committed 35416K, reserved 1079296K
  class space    used 4687K, capacity 4934K, committed 4992K, reserved 1048576K
}

